<?xml version="1.0" encoding="UTF-8"?>
<testng-results ignored="0" total="1" passed="1" failed="0" skipped="0">
  <reporter-output>
  </reporter-output>
  <suite started-at="2020-04-28T08:57:56Z" name="Default suite" finished-at="2020-04-28T08:58:15Z" duration-ms="18425">
    <groups>
    </groups>
    <test started-at="2020-04-28T08:57:56Z" name="Default test" finished-at="2020-04-28T08:58:15Z" duration-ms="18425">
      <class name="com.basiccodes.TestBasics">
        <test-method is-config="true" signature="setUp()[pri:0, instance:com.basiccodes.TestBasics@f0da945]" started-at="2020-04-28T08:57:56Z" name="setUp" finished-at="2020-04-28T08:58:14Z" duration-ms="17611" status="PASS">
          <reporter-output>
          </reporter-output>
        </test-method> <!-- setUp -->
        <test-method signature="verifyPageTitleTest()[pri:0, instance:com.basiccodes.TestBasics@f0da945]" started-at="2020-04-28T08:58:14Z" name="verifyPageTitleTest" finished-at="2020-04-28T08:58:14Z" duration-ms="189" status="PASS">
          <reporter-output>
          </reporter-output>
        </test-method> <!-- verifyPageTitleTest -->
        <test-method is-config="true" signature="tearDown()[pri:0, instance:com.basiccodes.TestBasics@f0da945]" started-at="2020-04-28T08:58:14Z" name="tearDown" finished-at="2020-04-28T08:58:15Z" duration-ms="604" status="PASS">
          <reporter-output>
          </reporter-output>
        </test-method> <!-- tearDown -->
      </class> <!-- com.basiccodes.TestBasics -->
    </test> <!-- Default test -->
  </suite> <!-- Default suite -->
</testng-results>
